<!DOCTYPE html PUBLIC "-//W3C//DTD XHTML 1.1//EN" "http://www.w3.org/TR/xhtml11/DTD/xhtml11.dtd">
<html xmlns="http://www.w3.org/1999/xhtml"><head><title>TestNG Report</title><style type="text/css">table {margin-bottom:10px;border-collapse:collapse;empty-cells:show}th,td {border:1px solid #009;padding:.25em .5em}th {vertical-align:bottom}td {vertical-align:top}table a {font-weight:bold}.stripe td {background-color: #E6EBF9}.num {text-align:right}.passedodd td {background-color: #3F3}.passedeven td {background-color: #0A0}.skippedodd td {background-color: #DDD}.skippedeven td {background-color: #CCC}.failedodd td,.attn {background-color: #F33}.failedeven td,.stripe .attn {background-color: #D00}.stacktrace {white-space:pre;font-family:monospace}.totop {font-size:85%;text-align:center;border-bottom:2px solid #000}</style></head><body><table><tr><th>Test</th><th># Passed</th><th># Skipped</th><th># Failed</th><th>Time (ms)</th><th>Included Groups</th><th>Excluded Groups</th></tr><tr><th colspan="7">Suite</th></tr><tr><td><a href="#t0">CbtCrowdEmailTest</a></td><td class="num">1</td><td class="num attn">3</td><td class="num attn">1</td><td class="num">117,264</td><td></td><td></td></tr></table><table><thead><tr><th>Class</th><th>Method</th><th>Start</th><th>Time (ms)</th></tr></thead><tbody><tr><th colspan="4">Suite</th></tr></tbody><tbody id="t0"><tr><th colspan="4">CbtCrowdEmailTest &#8212; failed (configuration methods)</th></tr><tr class="failedeven"><td rowspan="1">com.script.CbtCrowdEmailTest</td><td><a href="#m0">closeBrowser</a></td><td rowspan="1">1460702664986</td><td rowspan="1">0</td></tr><tr><th colspan="4">CbtCrowdEmailTest &#8212; failed</th></tr><tr class="failedeven"><td rowspan="1">com.script.CbtCrowdEmailTest</td><td><a href="#m1">testCbtLogin142</a></td><td rowspan="1">1460702648277</td><td rowspan="1">16582</td></tr><tr><th colspan="4">CbtCrowdEmailTest &#8212; skipped (configuration methods)</th></tr><tr class="skippedeven"><td rowspan="6">com.script.CbtCrowdEmailTest</td><td><a href="#m2">closeBrowser</a></td><td rowspan="3">1460702675026</td><td rowspan="3">0</td></tr><tr class="skippedeven"><td><a href="#m3">closeBrowser</a></td></tr><tr class="skippedeven"><td><a href="#m4">closeBrowser</a></td></tr><tr class="skippedeven"><td><a href="#m5">launchBrowser</a></td><td rowspan="3">1460702675023</td><td rowspan="3">0</td></tr><tr class="skippedeven"><td><a href="#m6">launchBrowser</a></td></tr><tr class="skippedeven"><td><a href="#m7">launchBrowser</a></td></tr><tr><th colspan="4">CbtCrowdEmailTest &#8212; skipped</th></tr><tr class="skippedeven"><td rowspan="3">com.script.CbtCrowdEmailTest</td><td><a href="#m8">testCbtLogin143</a></td><td rowspan="1">1460702675023</td><td rowspan="1">1</td></tr><tr class="skippedeven"><td><a href="#m9">testCbtLogin144</a></td><td rowspan="1">1460702675030</td><td rowspan="1">0</td></tr><tr class="skippedeven"><td><a href="#m10">testCbtLogin145</a></td><td rowspan="1">1460702675033</td><td rowspan="1">1</td></tr><tr><th colspan="4">CbtCrowdEmailTest &#8212; passed</th></tr><tr class="passedeven"><td rowspan="1">com.script.CbtCrowdEmailTest</td><td><a href="#m11">testCbtLogin141</a></td><td rowspan="1">1460702567158</td><td rowspan="1">71385</td></tr></tbody></table><h2>CbtCrowdEmailTest</h2><h3 id="m0">com.script.CbtCrowdEmailTest#closeBrowser</h3><table class="result"><tr><th>Exception</th></tr><tr><td><div class="stacktrace">org.openqa.selenium.NoSuchElementException: Unable to locate element: {&quot;method&quot;:&quot;xpath&quot;,&quot;selector&quot;:&quot;//span[@class=&apos;gb_1a gbii&apos;]&quot;}
Command duration or timeout: 10.03 seconds
For documentation on this error, please visit: http://seleniumhq.org/exceptions/no_such_element.html
Build info: version: &apos;2.53.0&apos;, revision: &apos;35ae25b1534ae328c771e0856c93e187490ca824&apos;, time: &apos;2016-03-15 10:43:46&apos;
System info: host: &apos;DESKTOP-NE42HHC&apos;, ip: &apos;10.10.10.48&apos;, os.name: &apos;Windows 10&apos;, os.arch: &apos;amd64&apos;, os.version: &apos;10.0&apos;, java.version: &apos;1.8.0_60&apos;
Driver info: org.openqa.selenium.firefox.FirefoxDriver
Capabilities [{applicationCacheEnabled=true, rotatable=false, handlesAlerts=true, databaseEnabled=true, version=45.0.1, platform=WINDOWS, nativeEvents=false, acceptSslCerts=true, webStorageEnabled=true, locationContextEnabled=true, browserName=firefox, takesScreenshot=true, javascriptEnabled=true, cssSelectorsEnabled=true}]
Session ID: a072e5d3-1f07-4234-9ec4-615fa7294d9f
*** Element info: {Using=xpath, value=//span[@class=&apos;gb_1a gbii&apos;]}
	at org.openqa.selenium.remote.ErrorHandler.createThrowable(ErrorHandler.java:206)
	at org.openqa.selenium.remote.ErrorHandler.throwIfResponseFailed(ErrorHandler.java:158)
	at org.openqa.selenium.remote.RemoteWebDriver.execute(RemoteWebDriver.java:678)
	at org.openqa.selenium.remote.RemoteWebDriver.findElement(RemoteWebDriver.java:363)
	at org.openqa.selenium.remote.RemoteWebDriver.findElementByXPath(RemoteWebDriver.java:500)
	at org.openqa.selenium.By$ByXPath.findElement(By.java:361)
	at org.openqa.selenium.remote.RemoteWebDriver.findElement(RemoteWebDriver.java:355)
	at com.baseLib.BaseTestPage.closeBrowser(BaseTestPage.java:46)
Caused by: org.openqa.selenium.NoSuchElementException: Unable to locate element: {&quot;method&quot;:&quot;xpath&quot;,&quot;selector&quot;:&quot;//span[@class=&apos;gb_1a gbii&apos;]&quot;}
For documentation on this error, please visit: http://seleniumhq.org/exceptions/no_such_element.html
Build info: version: &apos;2.53.0&apos;, revision: &apos;35ae25b1534ae328c771e0856c93e187490ca824&apos;, time: &apos;2016-03-15 10:43:46&apos;
System info: host: &apos;DESKTOP-NE42HHC&apos;, ip: &apos;10.10.10.48&apos;, os.name: &apos;Windows 10&apos;, os.arch: &apos;amd64&apos;, os.version: &apos;10.0&apos;, java.version: &apos;1.8.0_60&apos;
Driver info: driver.version: unknown
	at &lt;anonymous class&gt;.FirefoxDriver.prototype.findElementInternal_(file:///C:/Users/CBT/AppData/Local/Temp/anonymous2118680933683043290webdriver-profile/extensions/fxdriver@googlecode.com/components/driver-component.js:10770)
	at &lt;anonymous class&gt;.fxdriver.Timer.prototype.setTimeout/&lt;.notify(file:///C:/Users/CBT/AppData/Local/Temp/anonymous2118680933683043290webdriver-profile/extensions/fxdriver@googlecode.com/components/driver-component.js:625)
... Removed 30 stack frames</div></td></tr></table><p class="totop"><a href="#summary">back to summary</a></p><h3 id="m1">com.script.CbtCrowdEmailTest#testCbtLogin142</h3><table class="result"><tr><th>Exception</th></tr><tr><td><div class="stacktrace">java.lang.AssertionError: null
	at com.script.CbtCrowdEmailTest.testCbtLogin142(CbtCrowdEmailTest.java:50)
... Removed 26 stack frames</div></td></tr></table><p class="totop"><a href="#summary">back to summary</a></p><h3 id="m2">com.script.CbtCrowdEmailTest#closeBrowser</h3><table class="result"></table><p class="totop"><a href="#summary">back to summary</a></p><h3 id="m3">com.script.CbtCrowdEmailTest#closeBrowser</h3><table class="result"></table><p class="totop"><a href="#summary">back to summary</a></p><h3 id="m4">com.script.CbtCrowdEmailTest#closeBrowser</h3><table class="result"></table><p class="totop"><a href="#summary">back to summary</a></p><h3 id="m5">com.script.CbtCrowdEmailTest#launchBrowser</h3><table class="result"></table><p class="totop"><a href="#summary">back to summary</a></p><h3 id="m6">com.script.CbtCrowdEmailTest#launchBrowser</h3><table class="result"></table><p class="totop"><a href="#summary">back to summary</a></p><h3 id="m7">com.script.CbtCrowdEmailTest#launchBrowser</h3><table class="result"></table><p class="totop"><a href="#summary">back to summary</a></p><h3 id="m8">com.script.CbtCrowdEmailTest#testCbtLogin143</h3><table class="result"></table><p class="totop"><a href="#summary">back to summary</a></p><h3 id="m9">com.script.CbtCrowdEmailTest#testCbtLogin144</h3><table class="result"></table><p class="totop"><a href="#summary">back to summary</a></p><h3 id="m10">com.script.CbtCrowdEmailTest#testCbtLogin145</h3><table class="result"></table><p class="totop"><a href="#summary">back to summary</a></p><h3 id="m11">com.script.CbtCrowdEmailTest#testCbtLogin141</h3><table class="result"></table><p class="totop"><a href="#summary">back to summary</a></p></body></html>