<?xml version="1.0" encoding="UTF-8"?>
<testng-results skipped="3" failed="1" total="5" passed="1">
  <reporter-output>
  </reporter-output>
  <suite name="Suite" duration-ms="117264" started-at="2016-04-15T06:42:37Z" finished-at="2016-04-15T06:44:35Z">
    <groups>
    </groups>
    <test name="CbtCrowdEmailTest" duration-ms="117264" started-at="2016-04-15T06:42:37Z" finished-at="2016-04-15T06:44:35Z">
      <class name="com.script.CbtCrowdEmailTest">
        <test-method status="PASS" signature="launchBrowser()[pri:0, instance:com.script.CbtCrowdEmailTest@3c09711b]" name="launchBrowser" is-config="true" duration-ms="9379" started-at="2016-04-15T12:12:37Z" finished-at="2016-04-15T12:12:47Z">
          <reporter-output>
          </reporter-output>
        </test-method> <!-- launchBrowser -->
        <test-method status="PASS" signature="testCbtLogin141()[pri:0, instance:com.script.CbtCrowdEmailTest@3c09711b]" name="testCbtLogin141" duration-ms="71385" started-at="2016-04-15T12:12:47Z" finished-at="2016-04-15T12:13:58Z">
          <reporter-output>
          </reporter-output>
        </test-method> <!-- testCbtLogin141 -->
        <test-method status="PASS" signature="closeBrowser()[pri:0, instance:com.script.CbtCrowdEmailTest@3c09711b]" name="closeBrowser" is-config="true" duration-ms="1266" started-at="2016-04-15T12:13:58Z" finished-at="2016-04-15T12:13:59Z">
          <reporter-output>
          </reporter-output>
        </test-method> <!-- closeBrowser -->
        <test-method status="PASS" signature="launchBrowser()[pri:0, instance:com.script.CbtCrowdEmailTest@3c09711b]" name="launchBrowser" is-config="true" duration-ms="8420" started-at="2016-04-15T12:13:59Z" finished-at="2016-04-15T12:14:08Z">
          <reporter-output>
          </reporter-output>
        </test-method> <!-- launchBrowser -->
        <test-method status="FAIL" signature="testCbtLogin142()[pri:0, instance:com.script.CbtCrowdEmailTest@3c09711b]" name="testCbtLogin142" duration-ms="16582" started-at="2016-04-15T12:14:08Z" finished-at="2016-04-15T12:14:24Z">
          <exception class="java.lang.AssertionError">
            <message>
              <![CDATA[null]]>
            </message>
            <full-stacktrace>
              <![CDATA[java.lang.AssertionError: null
	at org.testng.Assert.fail(Assert.java:94)
	at org.testng.Assert.fail(Assert.java:101)
	at com.script.CbtCrowdEmailTest.testCbtLogin142(CbtCrowdEmailTest.java:50)
	at sun.reflect.NativeMethodAccessorImpl.invoke0(Native Method)
	at sun.reflect.NativeMethodAccessorImpl.invoke(Unknown Source)
	at sun.reflect.DelegatingMethodAccessorImpl.invoke(Unknown Source)
	at java.lang.reflect.Method.invoke(Unknown Source)
	at org.testng.internal.MethodInvocationHelper.invokeMethod(MethodInvocationHelper.java:85)
	at org.testng.internal.Invoker.invokeMethod(Invoker.java:659)
	at org.testng.internal.Invoker.invokeTestMethod(Invoker.java:845)
	at org.testng.internal.Invoker.invokeTestMethods(Invoker.java:1153)
	at org.testng.internal.TestMethodWorker.invokeTestMethods(TestMethodWorker.java:125)
	at org.testng.internal.TestMethodWorker.run(TestMethodWorker.java:108)
	at org.testng.TestRunner.privateRun(TestRunner.java:771)
	at org.testng.TestRunner.run(TestRunner.java:621)
	at org.testng.SuiteRunner.runTest(SuiteRunner.java:357)
	at org.testng.SuiteRunner.runSequentially(SuiteRunner.java:352)
	at org.testng.SuiteRunner.privateRun(SuiteRunner.java:310)
	at org.testng.SuiteRunner.run(SuiteRunner.java:259)
	at org.testng.SuiteRunnerWorker.runSuite(SuiteRunnerWorker.java:52)
	at org.testng.SuiteRunnerWorker.run(SuiteRunnerWorker.java:86)
	at org.testng.TestNG.runSuitesSequentially(TestNG.java:1199)
	at org.testng.TestNG.runSuitesLocally(TestNG.java:1124)
	at org.testng.TestNG.run(TestNG.java:1032)
	at org.testng.remote.RemoteTestNG.run(RemoteTestNG.java:111)
	at org.testng.remote.RemoteTestNG.initAndRun(RemoteTestNG.java:204)
	at org.testng.remote.RemoteTestNG.main(RemoteTestNG.java:175)
]]>
            </full-stacktrace>
          </exception> <!-- java.lang.AssertionError -->
          <reporter-output>
          </reporter-output>
        </test-method> <!-- testCbtLogin142 -->
        <test-method status="FAIL" signature="closeBrowser()[pri:0, instance:com.script.CbtCrowdEmailTest@3c09711b]" name="closeBrowser" is-config="true" duration-ms="0" started-at="2016-04-15T12:14:24Z" finished-at="2016-04-15T12:14:24Z">
          <exception class="org.openqa.selenium.NoSuchElementException">
            <message>
              <![CDATA[Unable to locate element: {"method":"xpath","selector":"//span[@class='gb_1a gbii']"}
Command duration or timeout: 10.03 seconds
For documentation on this error, please visit: http://seleniumhq.org/exceptions/no_such_element.html
Build info: version: '2.53.0', revision: '35ae25b1534ae328c771e0856c93e187490ca824', time: '2016-03-15 10:43:46'
System info: host: 'DESKTOP-NE42HHC', ip: '10.10.10.48', os.name: 'Windows 10', os.arch: 'amd64', os.version: '10.0', java.version: '1.8.0_60'
Driver info: org.openqa.selenium.firefox.FirefoxDriver
Capabilities [{applicationCacheEnabled=true, rotatable=false, handlesAlerts=true, databaseEnabled=true, version=45.0.1, platform=WINDOWS, nativeEvents=false, acceptSslCerts=true, webStorageEnabled=true, locationContextEnabled=true, browserName=firefox, takesScreenshot=true, javascriptEnabled=true, cssSelectorsEnabled=true}]
Session ID: a072e5d3-1f07-4234-9ec4-615fa7294d9f
*** Element info: {Using=xpath, value=//span[@class='gb_1a gbii']}]]>
            </message>
            <full-stacktrace>
              <![CDATA[org.openqa.selenium.NoSuchElementException: Unable to locate element: {"method":"xpath","selector":"//span[@class='gb_1a gbii']"}
Command duration or timeout: 10.03 seconds
For documentation on this error, please visit: http://seleniumhq.org/exceptions/no_such_element.html
Build info: version: '2.53.0', revision: '35ae25b1534ae328c771e0856c93e187490ca824', time: '2016-03-15 10:43:46'
System info: host: 'DESKTOP-NE42HHC', ip: '10.10.10.48', os.name: 'Windows 10', os.arch: 'amd64', os.version: '10.0', java.version: '1.8.0_60'
Driver info: org.openqa.selenium.firefox.FirefoxDriver
Capabilities [{applicationCacheEnabled=true, rotatable=false, handlesAlerts=true, databaseEnabled=true, version=45.0.1, platform=WINDOWS, nativeEvents=false, acceptSslCerts=true, webStorageEnabled=true, locationContextEnabled=true, browserName=firefox, takesScreenshot=true, javascriptEnabled=true, cssSelectorsEnabled=true}]
Session ID: a072e5d3-1f07-4234-9ec4-615fa7294d9f
*** Element info: {Using=xpath, value=//span[@class='gb_1a gbii']}
	at sun.reflect.NativeConstructorAccessorImpl.newInstance0(Native Method)
	at sun.reflect.NativeConstructorAccessorImpl.newInstance(Unknown Source)
	at sun.reflect.DelegatingConstructorAccessorImpl.newInstance(Unknown Source)
	at java.lang.reflect.Constructor.newInstance(Unknown Source)
	at org.openqa.selenium.remote.ErrorHandler.createThrowable(ErrorHandler.java:206)
	at org.openqa.selenium.remote.ErrorHandler.throwIfResponseFailed(ErrorHandler.java:158)
	at org.openqa.selenium.remote.RemoteWebDriver.execute(RemoteWebDriver.java:678)
	at org.openqa.selenium.remote.RemoteWebDriver.findElement(RemoteWebDriver.java:363)
	at org.openqa.selenium.remote.RemoteWebDriver.findElementByXPath(RemoteWebDriver.java:500)
	at org.openqa.selenium.By$ByXPath.findElement(By.java:361)
	at org.openqa.selenium.remote.RemoteWebDriver.findElement(RemoteWebDriver.java:355)
	at com.baseLib.BaseTestPage.closeBrowser(BaseTestPage.java:46)
	at sun.reflect.NativeMethodAccessorImpl.invoke0(Native Method)
	at sun.reflect.NativeMethodAccessorImpl.invoke(Unknown Source)
	at sun.reflect.DelegatingMethodAccessorImpl.invoke(Unknown Source)
	at java.lang.reflect.Method.invoke(Unknown Source)
	at org.testng.internal.MethodInvocationHelper.invokeMethod(MethodInvocationHelper.java:85)
	at org.testng.internal.Invoker.invokeConfigurationMethod(Invoker.java:517)
	at org.testng.internal.Invoker.invokeConfigurations(Invoker.java:213)
	at org.testng.internal.Invoker.invokeMethod(Invoker.java:732)
	at org.testng.internal.Invoker.invokeTestMethod(Invoker.java:845)
	at org.testng.internal.Invoker.invokeTestMethods(Invoker.java:1153)
	at org.testng.internal.TestMethodWorker.invokeTestMethods(TestMethodWorker.java:125)
	at org.testng.internal.TestMethodWorker.run(TestMethodWorker.java:108)
	at org.testng.TestRunner.privateRun(TestRunner.java:771)
	at org.testng.TestRunner.run(TestRunner.java:621)
	at org.testng.SuiteRunner.runTest(SuiteRunner.java:357)
	at org.testng.SuiteRunner.runSequentially(SuiteRunner.java:352)
	at org.testng.SuiteRunner.privateRun(SuiteRunner.java:310)
	at org.testng.SuiteRunner.run(SuiteRunner.java:259)
	at org.testng.SuiteRunnerWorker.runSuite(SuiteRunnerWorker.java:52)
	at org.testng.SuiteRunnerWorker.run(SuiteRunnerWorker.java:86)
	at org.testng.TestNG.runSuitesSequentially(TestNG.java:1199)
	at org.testng.TestNG.runSuitesLocally(TestNG.java:1124)
	at org.testng.TestNG.run(TestNG.java:1032)
	at org.testng.remote.RemoteTestNG.run(RemoteTestNG.java:111)
	at org.testng.remote.RemoteTestNG.initAndRun(RemoteTestNG.java:204)
	at org.testng.remote.RemoteTestNG.main(RemoteTestNG.java:175)
Caused by: org.openqa.selenium.NoSuchElementException: Unable to locate element: {"method":"xpath","selector":"//span[@class='gb_1a gbii']"}
For documentation on this error, please visit: http://seleniumhq.org/exceptions/no_such_element.html
Build info: version: '2.53.0', revision: '35ae25b1534ae328c771e0856c93e187490ca824', time: '2016-03-15 10:43:46'
System info: host: 'DESKTOP-NE42HHC', ip: '10.10.10.48', os.name: 'Windows 10', os.arch: 'amd64', os.version: '10.0', java.version: '1.8.0_60'
Driver info: driver.version: unknown
	at <anonymous class>.FirefoxDriver.prototype.findElementInternal_(file:///C:/Users/CBT/AppData/Local/Temp/anonymous2118680933683043290webdriver-profile/extensions/fxdriver@googlecode.com/components/driver-component.js:10770)
	at <anonymous class>.fxdriver.Timer.prototype.setTimeout/<.notify(file:///C:/Users/CBT/AppData/Local/Temp/anonymous2118680933683043290webdriver-profile/extensions/fxdriver@googlecode.com/components/driver-component.js:625)
]]>
            </full-stacktrace>
          </exception> <!-- org.openqa.selenium.NoSuchElementException -->
          <reporter-output>
          </reporter-output>
        </test-method> <!-- closeBrowser -->
        <test-method status="SKIP" signature="launchBrowser()[pri:0, instance:com.script.CbtCrowdEmailTest@3c09711b]" name="launchBrowser" is-config="true" duration-ms="0" started-at="2016-04-15T12:14:35Z" finished-at="2016-04-15T12:14:35Z">
          <reporter-output>
          </reporter-output>
        </test-method> <!-- launchBrowser -->
        <test-method status="SKIP" signature="testCbtLogin143()[pri:0, instance:com.script.CbtCrowdEmailTest@3c09711b]" name="testCbtLogin143" duration-ms="1" started-at="2016-04-15T12:14:35Z" finished-at="2016-04-15T12:14:35Z">
          <reporter-output>
          </reporter-output>
        </test-method> <!-- testCbtLogin143 -->
        <test-method status="SKIP" signature="closeBrowser()[pri:0, instance:com.script.CbtCrowdEmailTest@3c09711b]" name="closeBrowser" is-config="true" duration-ms="0" started-at="2016-04-15T12:14:35Z" finished-at="2016-04-15T12:14:35Z">
          <reporter-output>
          </reporter-output>
        </test-method> <!-- closeBrowser -->
        <test-method status="SKIP" signature="launchBrowser()[pri:0, instance:com.script.CbtCrowdEmailTest@3c09711b]" name="launchBrowser" is-config="true" duration-ms="0" started-at="2016-04-15T12:14:35Z" finished-at="2016-04-15T12:14:35Z">
          <reporter-output>
          </reporter-output>
        </test-method> <!-- launchBrowser -->
        <test-method status="SKIP" signature="testCbtLogin144()[pri:0, instance:com.script.CbtCrowdEmailTest@3c09711b]" name="testCbtLogin144" duration-ms="0" started-at="2016-04-15T12:14:35Z" finished-at="2016-04-15T12:14:35Z">
          <reporter-output>
          </reporter-output>
        </test-method> <!-- testCbtLogin144 -->
        <test-method status="SKIP" signature="closeBrowser()[pri:0, instance:com.script.CbtCrowdEmailTest@3c09711b]" name="closeBrowser" is-config="true" duration-ms="0" started-at="2016-04-15T12:14:35Z" finished-at="2016-04-15T12:14:35Z">
          <reporter-output>
          </reporter-output>
        </test-method> <!-- closeBrowser -->
        <test-method status="SKIP" signature="testCbtLogin145()[pri:0, instance:com.script.CbtCrowdEmailTest@3c09711b]" name="testCbtLogin145" duration-ms="1" started-at="2016-04-15T12:14:35Z" finished-at="2016-04-15T12:14:35Z">
          <reporter-output>
          </reporter-output>
        </test-method> <!-- testCbtLogin145 -->
        <test-method status="SKIP" signature="launchBrowser()[pri:0, instance:com.script.CbtCrowdEmailTest@3c09711b]" name="launchBrowser" is-config="true" duration-ms="0" started-at="2016-04-15T12:14:35Z" finished-at="2016-04-15T12:14:35Z">
          <reporter-output>
          </reporter-output>
        </test-method> <!-- launchBrowser -->
        <test-method status="SKIP" signature="closeBrowser()[pri:0, instance:com.script.CbtCrowdEmailTest@3c09711b]" name="closeBrowser" is-config="true" duration-ms="0" started-at="2016-04-15T12:14:35Z" finished-at="2016-04-15T12:14:35Z">
          <reporter-output>
          </reporter-output>
        </test-method> <!-- closeBrowser -->
      </class> <!-- com.script.CbtCrowdEmailTest -->
    </test> <!-- CbtCrowdEmailTest -->
  </suite> <!-- Suite -->
</testng-results>
